2015-08-13 06:41:32 Notice: Notice (8): Undefined variable: title_for_layout in [/Applications/MAMP/htdocs/Santen-Psychology/src/Template/Layout/default.ctp, line 17]
Trace:
Cake\Error\BaseErrorHandler::handleError() - CORE/src/Error/BaseErrorHandler.php, line 138
include - APP/Template/Layout/default.ctp, line 17
Cake\View\View::_evaluate() - CORE/src/View/View.php, line 815
Cake\View\View::_render() - CORE/src/View/View.php, line 775
Cake\View\View::renderLayout() - CORE/src/View/View.php, line 509
Cake\View\View::render() - CORE/src/View/View.php, line 471
Cake\Controller\Controller::render() - CORE/src/Controller/Controller.php, line 575
App\Controller\PagesController::display() - APP/Controller/PagesController.php, line 57
Cake\Controller\Controller::invokeAction() - CORE/src/Controller/Controller.php, line 404
Cake\Routing\Dispatcher::_invoke() - CORE/src/Routing/Dispatcher.php, line 114
Cake\Routing\Dispatcher::dispatch() - CORE/src/Routing/Dispatcher.php, line 87
[main] - ROOT/webroot/index.php, line 38



2015-08-13 06:41:32 Notice: Notice (8): Undefined variable: cakeDescription in [/Applications/MAMP/htdocs/Santen-Psychology/src/Template/Layout/default.ctp, line 25]
Trace:
Cake\Error\BaseErrorHandler::handleError() - CORE/src/Error/BaseErrorHandler.php, line 138
include - APP/Template/Layout/default.ctp, line 25
Cake\View\View::_evaluate() - CORE/src/View/View.php, line 815
Cake\View\View::_render() - CORE/src/View/View.php, line 775
Cake\View\View::renderLayout() - CORE/src/View/View.php, line 509
Cake\View\View::render() - CORE/src/View/View.php, line 471
Cake\Controller\Controller::render() - CORE/src/Controller/Controller.php, line 575
App\Controller\PagesController::display() - APP/Controller/PagesController.php, line 57
Cake\Controller\Controller::invokeAction() - CORE/src/Controller/Controller.php, line 404
Cake\Routing\Dispatcher::_invoke() - CORE/src/Routing/Dispatcher.php, line 114
Cake\Routing\Dispatcher::dispatch() - CORE/src/Routing/Dispatcher.php, line 87
[main] - ROOT/webroot/index.php, line 38



2015-08-13 06:41:38 Notice: Notice (8): Undefined variable: _SESSION in [/Applications/MAMP/htdocs/Santen-Psychology/vendor/cakephp/cakephp/src/Network/Session.php, line 438]
Trace:
Cake\Error\BaseErrorHandler::handleError() - CORE/src/Error/BaseErrorHandler.php, line 138
Cake\Network\Session::write() - CORE/src/Network/Session.php, line 438
Cake\Controller\Component\AuthComponent::_unauthenticated() - CORE/src/Controller/Component/AuthComponent.php, line 348
Cake\Controller\Component\AuthComponent::startup() - CORE/src/Controller/Component/AuthComponent.php, line 273
Cake\Event\EventManager::_callListener() - CORE/src/Event/EventManager.php, line 381
Cake\Event\EventManager::dispatch() - CORE/src/Event/EventManager.php, line 351
Cake\Controller\Controller::dispatchEvent() - CORE/src/Event/EventManagerTrait.php, line 78
Cake\Controller\Controller::startupProcess() - CORE/src/Controller/Controller.php, line 470
Cake\Routing\Dispatcher::_invoke() - CORE/src/Routing/Dispatcher.php, line 109
Cake\Routing\Dispatcher::dispatch() - CORE/src/Routing/Dispatcher.php, line 87
[main] - ROOT/webroot/index.php, line 38



2015-08-13 06:41:39 Notice: Notice (8): Undefined variable: title_for_layout in [/Applications/MAMP/htdocs/Santen-Psychology/src/Template/Layout/default.ctp, line 17]
Trace:
Cake\Error\BaseErrorHandler::handleError() - CORE/src/Error/BaseErrorHandler.php, line 138
include - APP/Template/Layout/default.ctp, line 17
Cake\View\View::_evaluate() - CORE/src/View/View.php, line 815
Cake\View\View::_render() - CORE/src/View/View.php, line 775
Cake\View\View::renderLayout() - CORE/src/View/View.php, line 509
Cake\View\View::render() - CORE/src/View/View.php, line 471
Cake\Controller\Controller::render() - CORE/src/Controller/Controller.php, line 575
Cake\Routing\Dispatcher::_invoke() - CORE/src/Routing/Dispatcher.php, line 120
Cake\Routing\Dispatcher::dispatch() - CORE/src/Routing/Dispatcher.php, line 87
[main] - ROOT/webroot/index.php, line 38



2015-08-13 06:41:39 Notice: Notice (8): Undefined variable: cakeDescription in [/Applications/MAMP/htdocs/Santen-Psychology/src/Template/Layout/default.ctp, line 25]
Trace:
Cake\Error\BaseErrorHandler::handleError() - CORE/src/Error/BaseErrorHandler.php, line 138
include - APP/Template/Layout/default.ctp, line 25
Cake\View\View::_evaluate() - CORE/src/View/View.php, line 815
Cake\View\View::_render() - CORE/src/View/View.php, line 775
Cake\View\View::renderLayout() - CORE/src/View/View.php, line 509
Cake\View\View::render() - CORE/src/View/View.php, line 471
Cake\Controller\Controller::render() - CORE/src/Controller/Controller.php, line 575
Cake\Routing\Dispatcher::_invoke() - CORE/src/Routing/Dispatcher.php, line 120
Cake\Routing\Dispatcher::dispatch() - CORE/src/Routing/Dispatcher.php, line 87
[main] - ROOT/webroot/index.php, line 38



