2015-05-14 00:18:08 Error: [PDOException] SQLSTATE[HY000] [1044] Access denied for user ''@'localhost' to database 'fitie2015t04dev'
Request URL: /Santen-Psychology/users/login
Stack Trace:
#0 C:\wamp\www\Santen-Psychology\vendor\cakephp\cakephp\src\Database\Driver\PDODriverTrait.php(48): PDO->__construct('mysql:host=loca...', 'localhost', '', Array)
#1 C:\wamp\www\Santen-Psychology\vendor\cakephp\cakephp\src\Database\Driver\Mysql.php(86): Cake\Database\Driver\Mysql->_connect('mysql:host=loca...', Array)
#2 C:\wamp\www\Santen-Psychology\vendor\cakephp\cakephp\src\Database\Schema\BaseSchema.php(46): Cake\Database\Driver\Mysql->connect()
#3 C:\wamp\www\Santen-Psychology\vendor\cakephp\cakephp\src\Database\Dialect\MysqlDialectTrait.php(62): Cake\Database\Schema\BaseSchema->__construct(Object(Cake\Database\Driver\Mysql))
#4 C:\wamp\www\Santen-Psychology\vendor\cakephp\cakephp\src\Database\Schema\Collection.php(52): Cake\Database\Driver\Mysql->schemaDialect()
#5 C:\wamp\www\Santen-Psychology\vendor\cakephp\cakephp\src\Database\Schema\CachedCollection.php(44): Cake\Database\Schema\Collection->__construct(Object(Cake\Database\Connection))
#6 C:\wamp\www\Santen-Psychology\vendor\cakephp\cakephp\src\Database\Connection.php(319): Cake\Database\Schema\CachedCollection->__construct(Object(Cake\Database\Connection), true)
#7 C:\wamp\www\Santen-Psychology\vendor\cakephp\cakephp\src\ORM\Table.php(424): Cake\Database\Connection->schemaCollection()
#8 C:\wamp\www\Santen-Psychology\vendor\cakephp\cakephp\src\ORM\Query.php(141): Cake\ORM\Table->schema()
#9 C:\wamp\www\Santen-Psychology\vendor\cakephp\cakephp\src\ORM\Query.php(123): Cake\ORM\Query->addDefaultTypes(Object(App\Model\Table\UsersTable))
#10 C:\wamp\www\Santen-Psychology\vendor\cakephp\cakephp\src\ORM\Table.php(1147): Cake\ORM\Query->__construct(Object(Cake\Database\Connection), Object(App\Model\Table\UsersTable))
#11 C:\wamp\www\Santen-Psychology\vendor\cakephp\cakephp\src\ORM\Table.php(882): Cake\ORM\Table->query()
#12 C:\wamp\www\Santen-Psychology\vendor\cakephp\cakephp\src\Auth\BaseAuthenticate.php(116): Cake\ORM\Table->find('all')
#13 C:\wamp\www\Santen-Psychology\vendor\cakephp\cakephp\src\Auth\FormAuthenticate.php(77): Cake\Auth\BaseAuthenticate->_findUser('Yvonne', 'SantenPsych1234')
#14 C:\wamp\www\Santen-Psychology\vendor\cakephp\cakephp\src\Controller\Component\AuthComponent.php(741): Cake\Auth\FormAuthenticate->authenticate(Object(Cake\Network\Request), Object(Cake\Network\Response))
#15 C:\wamp\www\Santen-Psychology\src\Controller\UsersController.php(25): Cake\Controller\Component\AuthComponent->identify()
#16 [internal function]: App\Controller\UsersController->login()
#17 C:\wamp\www\Santen-Psychology\vendor\cakephp\cakephp\src\Controller\Controller.php(404): call_user_func_array(Array, Array)
#18 C:\wamp\www\Santen-Psychology\vendor\cakephp\cakephp\src\Routing\Dispatcher.php(114): Cake\Controller\Controller->invokeAction()
#19 C:\wamp\www\Santen-Psychology\vendor\cakephp\cakephp\src\Routing\Dispatcher.php(87): Cake\Routing\Dispatcher->_invoke(Object(App\Controller\UsersController))
#20 C:\wamp\www\Santen-Psychology\webroot\index.php(37): Cake\Routing\Dispatcher->dispatch(Object(Cake\Network\Request), Object(Cake\Network\Response))
#21 {main}


2015-05-14 00:22:00 Error: [PDOException] SQLSTATE[HY000] [1044] Access denied for user ''@'localhost' to database 'santen'
Request URL: /Santen-Psychology/users/login
Stack Trace:
#0 C:\wamp\www\Santen-Psychology\vendor\cakephp\cakephp\src\Database\Driver\PDODriverTrait.php(48): PDO->__construct('mysql:host=loca...', 'localhost', '', Array)
#1 C:\wamp\www\Santen-Psychology\vendor\cakephp\cakephp\src\Database\Driver\Mysql.php(86): Cake\Database\Driver\Mysql->_connect('mysql:host=loca...', Array)
#2 C:\wamp\www\Santen-Psychology\vendor\cakephp\cakephp\src\Database\Schema\BaseSchema.php(46): Cake\Database\Driver\Mysql->connect()
#3 C:\wamp\www\Santen-Psychology\vendor\cakephp\cakephp\src\Database\Dialect\MysqlDialectTrait.php(62): Cake\Database\Schema\BaseSchema->__construct(Object(Cake\Database\Driver\Mysql))
#4 C:\wamp\www\Santen-Psychology\vendor\cakephp\cakephp\src\Database\Schema\Collection.php(52): Cake\Database\Driver\Mysql->schemaDialect()
#5 C:\wamp\www\Santen-Psychology\vendor\cakephp\cakephp\src\Database\Schema\CachedCollection.php(44): Cake\Database\Schema\Collection->__construct(Object(Cake\Database\Connection))
#6 C:\wamp\www\Santen-Psychology\vendor\cakephp\cakephp\src\Database\Connection.php(319): Cake\Database\Schema\CachedCollection->__construct(Object(Cake\Database\Connection), true)
#7 C:\wamp\www\Santen-Psychology\vendor\cakephp\cakephp\src\ORM\Table.php(424): Cake\Database\Connection->schemaCollection()
#8 C:\wamp\www\Santen-Psychology\vendor\cakephp\cakephp\src\ORM\Query.php(141): Cake\ORM\Table->schema()
#9 C:\wamp\www\Santen-Psychology\vendor\cakephp\cakephp\src\ORM\Query.php(123): Cake\ORM\Query->addDefaultTypes(Object(App\Model\Table\UsersTable))
#10 C:\wamp\www\Santen-Psychology\vendor\cakephp\cakephp\src\ORM\Table.php(1147): Cake\ORM\Query->__construct(Object(Cake\Database\Connection), Object(App\Model\Table\UsersTable))
#11 C:\wamp\www\Santen-Psychology\vendor\cakephp\cakephp\src\ORM\Table.php(882): Cake\ORM\Table->query()
#12 C:\wamp\www\Santen-Psychology\vendor\cakephp\cakephp\src\Auth\BaseAuthenticate.php(116): Cake\ORM\Table->find('all')
#13 C:\wamp\www\Santen-Psychology\vendor\cakephp\cakephp\src\Auth\FormAuthenticate.php(77): Cake\Auth\BaseAuthenticate->_findUser('Yvonne', 'SantenPsych1234')
#14 C:\wamp\www\Santen-Psychology\vendor\cakephp\cakephp\src\Controller\Component\AuthComponent.php(741): Cake\Auth\FormAuthenticate->authenticate(Object(Cake\Network\Request), Object(Cake\Network\Response))
#15 C:\wamp\www\Santen-Psychology\src\Controller\UsersController.php(25): Cake\Controller\Component\AuthComponent->identify()
#16 [internal function]: App\Controller\UsersController->login()
#17 C:\wamp\www\Santen-Psychology\vendor\cakephp\cakephp\src\Controller\Controller.php(404): call_user_func_array(Array, Array)
#18 C:\wamp\www\Santen-Psychology\vendor\cakephp\cakephp\src\Routing\Dispatcher.php(114): Cake\Controller\Controller->invokeAction()
#19 C:\wamp\www\Santen-Psychology\vendor\cakephp\cakephp\src\Routing\Dispatcher.php(87): Cake\Routing\Dispatcher->_invoke(Object(App\Controller\UsersController))
#20 C:\wamp\www\Santen-Psychology\webroot\index.php(37): Cake\Routing\Dispatcher->dispatch(Object(Cake\Network\Request), Object(Cake\Network\Response))
#21 {main}


2015-05-14 00:25:51 Error: [PDOException] SQLSTATE[HY000] [1044] Access denied for user ''@'localhost' to database 'santen'
Request URL: /Santen-Psychology/users/login
Stack Trace:
#0 C:\wamp\www\Santen-Psychology\vendor\cakephp\cakephp\src\Database\Driver\PDODriverTrait.php(48): PDO->__construct('mysql:host=loca...', 'Matt', '', Array)
#1 C:\wamp\www\Santen-Psychology\vendor\cakephp\cakephp\src\Database\Driver\Mysql.php(86): Cake\Database\Driver\Mysql->_connect('mysql:host=loca...', Array)
#2 C:\wamp\www\Santen-Psychology\vendor\cakephp\cakephp\src\Database\Schema\BaseSchema.php(46): Cake\Database\Driver\Mysql->connect()
#3 C:\wamp\www\Santen-Psychology\vendor\cakephp\cakephp\src\Database\Dialect\MysqlDialectTrait.php(62): Cake\Database\Schema\BaseSchema->__construct(Object(Cake\Database\Driver\Mysql))
#4 C:\wamp\www\Santen-Psychology\vendor\cakephp\cakephp\src\Database\Schema\Collection.php(52): Cake\Database\Driver\Mysql->schemaDialect()
#5 C:\wamp\www\Santen-Psychology\vendor\cakephp\cakephp\src\Database\Schema\CachedCollection.php(44): Cake\Database\Schema\Collection->__construct(Object(Cake\Database\Connection))
#6 C:\wamp\www\Santen-Psychology\vendor\cakephp\cakephp\src\Database\Connection.php(319): Cake\Database\Schema\CachedCollection->__construct(Object(Cake\Database\Connection), true)
#7 C:\wamp\www\Santen-Psychology\vendor\cakephp\cakephp\src\ORM\Table.php(424): Cake\Database\Connection->schemaCollection()
#8 C:\wamp\www\Santen-Psychology\vendor\cakephp\cakephp\src\ORM\Query.php(141): Cake\ORM\Table->schema()
#9 C:\wamp\www\Santen-Psychology\vendor\cakephp\cakephp\src\ORM\Query.php(123): Cake\ORM\Query->addDefaultTypes(Object(App\Model\Table\UsersTable))
#10 C:\wamp\www\Santen-Psychology\vendor\cakephp\cakephp\src\ORM\Table.php(1147): Cake\ORM\Query->__construct(Object(Cake\Database\Connection), Object(App\Model\Table\UsersTable))
#11 C:\wamp\www\Santen-Psychology\vendor\cakephp\cakephp\src\ORM\Table.php(882): Cake\ORM\Table->query()
#12 C:\wamp\www\Santen-Psychology\vendor\cakephp\cakephp\src\Auth\BaseAuthenticate.php(116): Cake\ORM\Table->find('all')
#13 C:\wamp\www\Santen-Psychology\vendor\cakephp\cakephp\src\Auth\FormAuthenticate.php(77): Cake\Auth\BaseAuthenticate->_findUser('Yvonne', 'SantenPsych1234')
#14 C:\wamp\www\Santen-Psychology\vendor\cakephp\cakephp\src\Controller\Component\AuthComponent.php(741): Cake\Auth\FormAuthenticate->authenticate(Object(Cake\Network\Request), Object(Cake\Network\Response))
#15 C:\wamp\www\Santen-Psychology\src\Controller\UsersController.php(25): Cake\Controller\Component\AuthComponent->identify()
#16 [internal function]: App\Controller\UsersController->login()
#17 C:\wamp\www\Santen-Psychology\vendor\cakephp\cakephp\src\Controller\Controller.php(404): call_user_func_array(Array, Array)
#18 C:\wamp\www\Santen-Psychology\vendor\cakephp\cakephp\src\Routing\Dispatcher.php(114): Cake\Controller\Controller->invokeAction()
#19 C:\wamp\www\Santen-Psychology\vendor\cakephp\cakephp\src\Routing\Dispatcher.php(87): Cake\Routing\Dispatcher->_invoke(Object(App\Controller\UsersController))
#20 C:\wamp\www\Santen-Psychology\webroot\index.php(37): Cake\Routing\Dispatcher->dispatch(Object(Cake\Network\Request), Object(Cake\Network\Response))
#21 {main}


2015-05-14 00:26:09 Error: [PDOException] SQLSTATE[HY000] [1044] Access denied for user ''@'localhost' to database 'santen'
Request URL: /Santen-Psychology/users/login
Stack Trace:
#0 C:\wamp\www\Santen-Psychology\vendor\cakephp\cakephp\src\Database\Driver\PDODriverTrait.php(48): PDO->__construct('mysql:host=loca...', 'Matt', '', Array)
#1 C:\wamp\www\Santen-Psychology\vendor\cakephp\cakephp\src\Database\Driver\Mysql.php(86): Cake\Database\Driver\Mysql->_connect('mysql:host=loca...', Array)
#2 C:\wamp\www\Santen-Psychology\vendor\cakephp\cakephp\src\Database\Schema\BaseSchema.php(46): Cake\Database\Driver\Mysql->connect()
#3 C:\wamp\www\Santen-Psychology\vendor\cakephp\cakephp\src\Database\Dialect\MysqlDialectTrait.php(62): Cake\Database\Schema\BaseSchema->__construct(Object(Cake\Database\Driver\Mysql))
#4 C:\wamp\www\Santen-Psychology\vendor\cakephp\cakephp\src\Database\Schema\Collection.php(52): Cake\Database\Driver\Mysql->schemaDialect()
#5 C:\wamp\www\Santen-Psychology\vendor\cakephp\cakephp\src\Database\Schema\CachedCollection.php(44): Cake\Database\Schema\Collection->__construct(Object(Cake\Database\Connection))
#6 C:\wamp\www\Santen-Psychology\vendor\cakephp\cakephp\src\Database\Connection.php(319): Cake\Database\Schema\CachedCollection->__construct(Object(Cake\Database\Connection), true)
#7 C:\wamp\www\Santen-Psychology\vendor\cakephp\cakephp\src\ORM\Table.php(424): Cake\Database\Connection->schemaCollection()
#8 C:\wamp\www\Santen-Psychology\vendor\cakephp\cakephp\src\ORM\Query.php(141): Cake\ORM\Table->schema()
#9 C:\wamp\www\Santen-Psychology\vendor\cakephp\cakephp\src\ORM\Query.php(123): Cake\ORM\Query->addDefaultTypes(Object(App\Model\Table\UsersTable))
#10 C:\wamp\www\Santen-Psychology\vendor\cakephp\cakephp\src\ORM\Table.php(1147): Cake\ORM\Query->__construct(Object(Cake\Database\Connection), Object(App\Model\Table\UsersTable))
#11 C:\wamp\www\Santen-Psychology\vendor\cakephp\cakephp\src\ORM\Table.php(882): Cake\ORM\Table->query()
#12 C:\wamp\www\Santen-Psychology\vendor\cakephp\cakephp\src\Auth\BaseAuthenticate.php(116): Cake\ORM\Table->find('all')
#13 C:\wamp\www\Santen-Psychology\vendor\cakephp\cakephp\src\Auth\FormAuthenticate.php(77): Cake\Auth\BaseAuthenticate->_findUser('Yvonne', 'SantenPsych1234')
#14 C:\wamp\www\Santen-Psychology\vendor\cakephp\cakephp\src\Controller\Component\AuthComponent.php(741): Cake\Auth\FormAuthenticate->authenticate(Object(Cake\Network\Request), Object(Cake\Network\Response))
#15 C:\wamp\www\Santen-Psychology\src\Controller\UsersController.php(25): Cake\Controller\Component\AuthComponent->identify()
#16 [internal function]: App\Controller\UsersController->login()
#17 C:\wamp\www\Santen-Psychology\vendor\cakephp\cakephp\src\Controller\Controller.php(404): call_user_func_array(Array, Array)
#18 C:\wamp\www\Santen-Psychology\vendor\cakephp\cakephp\src\Routing\Dispatcher.php(114): Cake\Controller\Controller->invokeAction()
#19 C:\wamp\www\Santen-Psychology\vendor\cakephp\cakephp\src\Routing\Dispatcher.php(87): Cake\Routing\Dispatcher->_invoke(Object(App\Controller\UsersController))
#20 C:\wamp\www\Santen-Psychology\webroot\index.php(37): Cake\Routing\Dispatcher->dispatch(Object(Cake\Network\Request), Object(Cake\Network\Response))
#21 {main}


